

FATAL ERROR:  Unhandled Access Violation Reading 0x0000 Exception at 99a147b9h

12/07/2016 at 09:58:02.123  Drawing: Drawing1.dwg
-------------


FATAL ERROR:  Unhandled Access Violation Reading 0x0000 Exception at 972bf1a9h

01/31/2017 at 12:25:32.324  Drawing: D:\POSHTA\Jeni\модел_Mileto+_ushireniq_krivi_1122.dwg
-------------


FATAL ERROR:  Unhandled Access Violation Reading 0x0000 Exception at 96f49d63h

02/02/2017 at 15:25:21.041  Drawing: D:\POSHTA\Jeni\Test_C3D_DWG.dwg
-------------


FATAL ERROR:  Unhandled Access Violation Reading 0x0000 Exception at 67a2f323h

02/11/2017 at 13:06:14.877  Drawing: Drawing1.dwg
-------------


FATAL ERROR:  Unhandled Access Violation Reading 0x0000 Exception at 67a4e073h

02/11/2017 at 13:07:27.681  Drawing: Drawing1.dwg
-------------


FATAL ERROR:  Unhandled Access Violation Reading 0x0000 Exception at 96ea2b72h

03/15/2017 at 15:44:51.498  Drawing: Drawing1.dwg
-------------


FATAL ERROR:  Unhandled Access Violation Reading 0x0000 Exception at 96e93902h

03/15/2017 at 15:56:09.825  Drawing: Drawing1.dwg
-------------


FATAL ERROR:  Unhandled Access Violation Reading 0x0000 Exception at 96e78b92h

03/15/2017 at 15:58:45.405  Drawing: Drawing1.dwg
-------------


INTERNAL ERROR:  !dbobji.cpp@8615: eNotOpenForWrite

05/11/2017 at 09:24:53.248  Drawing: C:\Users\Stefan\Desktop\Напречни профили с антетки_1-9  км C3D.dwg
-------------
